ROB: commit addr:0 clear reg:2
ROB: commit addr:4 clear reg:1
ROB: commit addr:1044 clear reg:2
ROB: commit addr:1048 other instruction 
ROB: commit addr:104c other instruction 
ROB: commit addr:1050 other instruction 
ROB: commit addr:1054 clear reg:8
ROB: commit addr:1058 clear reg:f
ROB: commit addr:105c other instruction 
ROB: commit addr:1060 clear reg:e
ROB: commit addr:1064 other instruction 
ROB: commit addr:1068 other instruction 
ROB: commit addr:106c clear reg:e
ROB: commit addr:1070 other instruction 
ROB: commit addr:1074 other instruction 
ROB: commit addr:1078 clear reg:e
ROB: commit addr:107c other instruction 
ROB: commit addr:1080 other instruction 
ROB: commit addr:1084 clear reg:f
ROB: commit addr:1088 other instruction 
ROB: commit addr:108c clear reg:8
ROB: commit addr:1090 clear reg:9
ROB: commit addr:1094 clear reg:a
ROB: commit addr:1098 clear reg:1
ROB: commit addr:1000 clear reg:e
ROB: commit addr:1004 clear reg:f
ROB: commit addr:1008 clear reg:a
ROB: commit addr:100c clear reg:a
ROB: commit addr:1010 other instruction 
ROB: commit addr:1014 clear reg:0
ROB: commit addr:109c clear reg:8
ROB: commit addr:10a0 right prediction 
ROB: commit addr:1094 clear reg:a
ROB: commit addr:1098 clear reg:1
ROB: commit addr:1000 clear reg:e
ROB: commit addr:1004 clear reg:f
ROB: commit addr:1008 clear reg:a
ROB: commit addr:100c clear reg:a
ROB: commit addr:1010 other instruction 
ROB: commit addr:1014 clear reg:0
ROB: commit addr:109c clear reg:8
ROB: commit addr:10a0 right prediction 
ROB: commit addr:1094 clear reg:a
ROB: commit addr:1098 clear reg:1
ROB: commit addr:1000 clear reg:e
ROB: commit addr:1004 clear reg:f
ROB: commit addr:1008 clear reg:a
ROB: commit addr:100c clear reg:a
ROB: commit addr:1010 other instruction 
ROB: commit addr:1014 clear reg:0
ROB: commit addr:109c clear reg:8
ROB: commit addr:10a0 right prediction 
ROB: commit addr:1094 clear reg:a
ROB: commit addr:1098 clear reg:1
ROB: commit addr:1000 clear reg:e
ROB: commit addr:1004 clear reg:f
ROB: commit addr:1008 clear reg:a
ROB: commit addr:100c clear reg:a
ROB: commit addr:1010 other instruction 
ROB: commit addr:1014 clear reg:0
ROB: commit addr:109c clear reg:8
ROB: commit addr:10a0 wrong prediction change to:10a4
ROB: commit addr:10a4 clear reg:a
ROB: commit addr:10a8 clear reg:1
ROB: commit addr:1000 clear reg:e
ROB: commit addr:1004 clear reg:f
ROB: commit addr:1008 clear reg:a
ROB: commit addr:100c clear reg:a
ROB: commit addr:1010 other instruction 
ROB: commit addr:1014 clear reg:0
ROB: commit addr:10ac clear reg:a
ROB: commit addr:10b0 clear reg:1
ROB: commit addr:1000 clear reg:e
ROB: commit addr:1004 clear reg:f
ROB: commit addr:1008 clear reg:a
ROB: commit addr:100c clear reg:a
ROB: commit addr:1010 other instruction 
ROB: commit addr:1014 clear reg:0
ROB: commit addr:10b4 clear reg:a
ROB: commit addr:10b8 clear reg:1
ROB: commit addr:1000 clear reg:e
ROB: commit addr:1004 clear reg:f
ROB: commit addr:1008 clear reg:a
ROB: commit addr:100c clear reg:a
ROB: commit addr:1010 other instruction 
ROB: commit addr:1014 clear reg:0
ROB: commit addr:10bc clear reg:a
ROB: commit addr:10c0 clear reg:1
ROB: commit addr:1000 clear reg:e
ROB: commit addr:1004 clear reg:f
ROB: commit addr:1008 clear reg:a
ROB: commit addr:100c clear reg:a
ROB: commit addr:1010 other instruction 
ROB: commit addr:1014 clear reg:0
ROB: commit addr:10c4 clear reg:b
ROB: commit addr:10c8 clear reg:f
ROB: commit addr:10cc clear reg:a
ROB: commit addr:10d0 clear reg:1
ROB: commit addr:116c clear reg:5
ROB: commit addr:1170 wrong prediction change to:1174
ROB: commit addr:1174 wrong prediction change to:1178
ROB: commit addr:1178 clear reg:1
ROB: commit addr:10f0 clear reg:c
ROB: commit addr:10f4 clear reg:b
ROB: commit addr:10f8 clear reg:a
ROB: commit addr:10fc wrong prediction change to:1100
ROB: commit addr:1100 clear reg:d
ROB: commit addr:1104 wrong prediction change to:1108
ROB: commit addr:1108 wrong prediction change to:110c
ROB: commit addr:110c clear reg:c
ROB: commit addr:1110 clear reg:d
ROB: commit addr:1114 right prediction 
ROB: commit addr:1108 wrong prediction change to:110c
ROB: commit addr:110c clear reg:c
ROB: commit addr:1110 clear reg:d
ROB: commit addr:1114 right prediction 
ROB: commit addr:1108 wrong prediction change to:110c
ROB: commit addr:110c clear reg:c
ROB: commit addr:1110 clear reg:d
ROB: commit addr:1114 right prediction 
ROB: commit addr:1108 wrong prediction change to:110c
ROB: commit addr:110c clear reg:c
ROB: commit addr:1110 clear reg:d
ROB: commit addr:1114 right prediction 
ROB: commit addr:1108 wrong prediction change to:110c
ROB: commit addr:110c clear reg:c
ROB: commit addr:1110 clear reg:d
ROB: commit addr:1114 right prediction 
ROB: commit addr:1108 right prediction 
ROB: commit addr:1118 clear reg:a
ROB: commit addr:111c wrong prediction change to:1120
ROB: commit addr:1120 clear reg:b
ROB: commit addr:1124 clear reg:a
ROB: commit addr:1128 clear reg:d
ROB: commit addr:112c clear reg:c
ROB: commit addr:1130 wrong prediction change to:1134
ROB: commit addr:1134 clear reg:0
ROB: commit addr:117c clear reg:a
ROB: commit addr:1180 clear reg:0
ROB: commit addr:10d4 clear reg:1
ROB: commit addr:10d8 clear reg:8
ROB: commit addr:10dc clear reg:9
ROB: commit addr:10e0 clear reg:2
ROB: commit addr:10e4 clear reg:0
